<?xml version="1.0" encoding="UTF-8"?>
<!-- Generated by org.testng.reporters.JUnitXMLReporter -->
<testsuite ignored="7" hostname="Arumullas-MacBook-Air.local" failures="1" tests="2" name="Smoke Testing - OrangeHRM Live Demo" time="15.237" errors="0" timestamp="2025-06-22T13:55:33 IST">
  <testcase classname="com.orangehrm.tests.TestPIMPage1" name="searchEmployee" time="0.021"/>
  <testcase classname="com.orangehrm.tests.TestPIMPage1" name="viewEmployeeList" time="0.02">
    <failure type="java.lang.AssertionError" message="expected [sreenu] but found [sree]">
      <![CDATA[java.lang.AssertionError: expected [sreenu] but found [sree]
at com.orangehrm.tests.TestPIMPage1.viewEmployeeList(TestPIMPage1.java:71)
at java.base/java.util.ArrayList.forEach(ArrayList.java:1597)
... Removed 31 stack frames]]>
    </failure>
  </testcase> <!-- viewEmployeeList -->
  <testcase classname="com.orangehrm.tests.TestPIMPage1" name="addEmployeePhotos" time="0.0">
    <ignored/>
  </testcase> <!-- addEmployeePhotos -->
  <testcase classname="com.orangehrm.tests.TestPIMPage1" name="editEmploymentStatus" time="0.0">
    <ignored/>
  </testcase> <!-- editEmploymentStatus -->
  <testcase classname="com.orangehrm.tests.TestPIMPage1" name="deleteEmployee" time="0.0">
    <ignored/>
  </testcase> <!-- deleteEmployee -->
  <testcase classname="com.orangehrm.tests.TestPIMPage1" name="addEmployee" time="0.0">
    <ignored/>
  </testcase> <!-- addEmployee -->
  <testcase classname="com.orangehrm.tests.TestPIMPage1" name="viewEmployeeDetails" time="0.0">
    <ignored/>
  </testcase> <!-- viewEmployeeDetails -->
  <testcase classname="com.orangehrm.tests.TestPIMPage1" name="editEmployeeDetails" time="0.0">
    <ignored/>
  </testcase> <!-- editEmployeeDetails -->
  <testcase classname="com.orangehrm.tests.TestPIMPage1" name="filterEmployeeList" time="0.0">
    <ignored/>
  </testcase> <!-- filterEmployeeList -->
</testsuite> <!-- Smoke Testing - OrangeHRM Live Demo -->
